<?xml version="1.0" encoding="UTF-8" ?>
<testsuite errors="0" failures="0" hostname="andrew-Lenovo-ideapad-110-15ACL" name="PasswordTest" skipped="0" tests="6" time="0.417" timestamp="2018-03-25T17:24:17">
  <properties>
[...]
</properties>
  <testcase classname="PasswordTest" name="asksAndAnswersWhenRight" time="0.025" />
  <testcase classname="PasswordTest" name="asksAndAnswersWhenWrong" time="0.002" />
  <testcase classname="PasswordTest" name="ohjelmaKysyyKunnesRight" time="0.003" />
  <testcase classname="PasswordTest" name="ohjelmaLopettaaKyselynKunRight" time="0.002" />
  <testcase classname="PasswordTest" name="ohjelmaKysyyUudelleenKunVaarin" time="0.002" />
  <testcase classname="PasswordTest" name="lopussaSalaisuus" time="0.002" />
  <system-out><![CDATA[]]></system-out>
  <system-err><![CDATA[]]></system-err>
</testsuite>
